<?xml version="1.0" encoding="UTF-8"?>
<!-- Generated by org.testng.reporters.JUnitXMLReporter -->
<testsuite ignored="0" hostname="TCandAXE-PC" failures="1" tests="1" name="ChromeTest" time="22.807" errors="0" timestamp="2022-11-30T10:47:43 IST">
  <testcase classname="com.ZP.testcases.HomePageTest" name="bikeDetails" time="13.595">
    <failure type="java.lang.AssertionError" message="Expected requirement not matching4">
      <![CDATA[java.lang.AssertionError: Expected requirement not matching4
at com.ZP.pageObjects.HomePage.search(HomePage.java:169)
at com.ZP.testcases.HomePageTest.bikeDetails(HomePageTest.java:43)
at java.base/java.util.ArrayList.forEach(ArrayList.java:1511)
... Removed 26 stack frames]]>
    </failure>
  </testcase> <!-- bikeDetails -->
</testsuite> <!-- ChromeTest -->
